<?xml version="1.0" encoding="UTF-8"?>
<testsuite xmlns:xsi="http://www.w3.org/2001/XMLSchema-instance" xsi:noNamespaceSchemaLocation="https://maven.apache.org/surefire/maven-surefire-plugin/xsd/surefire-test-report-3.0.xsd" version="3.0" name="xyz.zalaya.domain.model.ColumnTypeTest" time="0.061" tests="8" errors="0" skipped="0" failures="0">
  <properties>
[...]
</properties>
  <testcase name="shouldReturnVarcharWhenAllEntriesAreVarcharWithSameLength" classname="xyz.zalaya.domain.model.ColumnTypeTest" time="0.026"/>
  <testcase name="shouldReturnIntegerWhenAllEntriesAreInteger" classname="xyz.zalaya.domain.model.ColumnTypeTest" time="0.001"/>
  <testcase name="shouldReturnDecimalWhenAllEntriesAreDecimalWithSamePrecisionAndScale" classname="xyz.zalaya.domain.model.ColumnTypeTest" time="0.004"/>
  <testcase name="shouldReturnVarcharWhenAllEntriesAreVarcharWithDifferentLength" classname="xyz.zalaya.domain.model.ColumnTypeTest" time="0.002"/>
  <testcase name="shouldReturnBooleanWhenAllEntriesAreBoolean" classname="xyz.zalaya.domain.model.ColumnTypeTest" time="0.001"/>
  <testcase name="shouldReturnTextWhenAnyEntryIsText" classname="xyz.zalaya.domain.model.ColumnTypeTest" time="0.002"/>
  <testcase name="shouldReturnDecimalWhenAllEntriesAreDecimalWithDifferentPrecisionAndScale" classname="xyz.zalaya.domain.model.ColumnTypeTest" time="0.001"/>
  <testcase name="shouldReturnDateWhenAllEntriesAreDate" classname="xyz.zalaya.domain.model.ColumnTypeTest" time="0.001"/>
</testsuite>