<?xml version="1.0" encoding="UTF-8"?>
<testsuite xmlns:xsi="http://www.w3.org/2001/XMLSchema-instance" xsi:noNamespaceSchemaLocation="https://maven.apache.org/surefire/maven-surefire-plugin/xsd/surefire-test-report-3.0.xsd" version="3.0" name="xyz.zalaya.domain.model.EntryTypeTest" time="0.042" tests="27" errors="0" skipped="0" failures="0">
  <properties>
[...]
</properties>
  <testcase name="shouldReturnIntegerForLongNegativeIntegerValue" classname="xyz.zalaya.domain.model.EntryTypeTest" time="0.001"/>
  <testcase name="shouldReturnDecimalForVeryLongDecimalValue" classname="xyz.zalaya.domain.model.EntryTypeTest" time="0.001"/>
  <testcase name="shouldReturnBooleanForCapitalizedFalse" classname="xyz.zalaya.domain.model.EntryTypeTest" time="0.001"/>
  <testcase name="shouldReturnDecimalForLongDecimalValue" classname="xyz.zalaya.domain.model.EntryTypeTest" time="0.001"/>
  <testcase name="shouldReturnIntegerForShortIntegerValue" classname="xyz.zalaya.domain.model.EntryTypeTest" time="0.001"/>
  <testcase name="shouldReturnBooleanForLowerCaseFalse" classname="xyz.zalaya.domain.model.EntryTypeTest" time="0.001"/>
  <testcase name="shouldReturnVarcharFor3CharacterString" classname="xyz.zalaya.domain.model.EntryTypeTest" time="0.0"/>
  <testcase name="shouldReturnTextFor1000CharacterString" classname="xyz.zalaya.domain.model.EntryTypeTest" time="0.001"/>
  <testcase name="shouldReturnVarcharForEmptyString" classname="xyz.zalaya.domain.model.EntryTypeTest" time="0.0"/>
  <testcase name="shouldReturnIntegerForVeryLongIntegerValue" classname="xyz.zalaya.domain.model.EntryTypeTest" time="0.001"/>
  <testcase name="shouldReturnTextFor256CharacterString" classname="xyz.zalaya.domain.model.EntryTypeTest" time="0.0"/>
  <testcase name="shouldReturnDateForDashSeparatedDayFirstDate" classname="xyz.zalaya.domain.model.EntryTypeTest" time="0.001"/>
  <testcase name="shouldReturnIntegerForShortNegativeIntegerValue" classname="xyz.zalaya.domain.model.EntryTypeTest" time="0.001"/>
  <testcase name="shouldReturnBooleanForLowerCaseTrue" classname="xyz.zalaya.domain.model.EntryTypeTest" time="0.001"/>
  <testcase name="shouldReturnDateForDashSeparatedYearFirstDate" classname="xyz.zalaya.domain.model.EntryTypeTest" time="0.001"/>
  <testcase name="shouldReturnDecimalForVeryLongNegativeDecimalValue" classname="xyz.zalaya.domain.model.EntryTypeTest" time="0.001"/>
  <testcase name="shouldReturnIntegerForLongIntegerValue" classname="xyz.zalaya.domain.model.EntryTypeTest" time="0.001"/>
  <testcase name="shouldReturnBooleanForCapitalizedTrue" classname="xyz.zalaya.domain.model.EntryTypeTest" time="0.001"/>
  <testcase name="shouldReturnVarcharFor255CharacterString" classname="xyz.zalaya.domain.model.EntryTypeTest" time="0.001"/>
  <testcase name="shouldReturnDateForSlashSeparatedYearFirstDate" classname="xyz.zalaya.domain.model.EntryTypeTest" time="0.001"/>
  <testcase name="shouldReturnDateForSlashSeparatedDayFirstDate" classname="xyz.zalaya.domain.model.EntryTypeTest" time="0.0"/>
  <testcase name="shouldReturnDecimalForShortDecimalValue" classname="xyz.zalaya.domain.model.EntryTypeTest" time="0.001"/>
  <testcase name="shouldReturnIntegerForVeryLongNegativeIntegerValue" classname="xyz.zalaya.domain.model.EntryTypeTest" time="0.0"/>
  <testcase name="shouldReturnDecimalForLongNegativeDecimalValue" classname="xyz.zalaya.domain.model.EntryTypeTest" time="0.001"/>
  <testcase name="shouldReturnDecimalForShortNegativeDecimalValue" classname="xyz.zalaya.domain.model.EntryTypeTest" time="0.001"/>
  <testcase name="shouldReturnBooleanForUpperCaseFalse" classname="xyz.zalaya.domain.model.EntryTypeTest" time="0.001"/>
  <testcase name="shouldReturnBooleanForUpperCaseTrue" classname="xyz.zalaya.domain.model.EntryTypeTest" time="0.001"/>
</testsuite>